  [1m[36m (1.3ms)[0m  [1mCREATE TABLE "schema_migrations" ("version" varchar NOT NULL) [0m
  [1m[35m (0.0ms)[0m  select sqlite_version(*)
  [1m[36m (1.1ms)[0m  [1mCREATE UNIQUE INDEX "unique_schema_migrations" ON "schema_migrations" ("version")[0m
  [1m[35mActiveRecord::SchemaMigration Load (0.1ms)[0m  SELECT "schema_migrations".* FROM "schema_migrations"
  [1m[36mActiveRecord::SchemaMigration Load (0.1ms)[0m  [1mSELECT "schema_migrations".* FROM "schema_migrations"[0m
Migrating to CreateArticles (20170302150049)
  [1m[35m (0.1ms)[0m  begin transaction
  [1m[36m (0.7ms)[0m  [1mCREATE TABLE "articles" ("id" INTEGER PRIMARY KEY AUTOINCREMENT NOT NULL, "title" varchar, "body" text, "created_at" datetime NOT NULL, "updated_at" datetime NOT NULL) [0m
  [1m[35mSQL (0.2ms)[0m  INSERT INTO "schema_migrations" ("version") VALUES (?)  [["version", "20170302150049"]]
  [1m[36m (0.7ms)[0m  [1mcommit transaction[0m
  [1m[35mActiveRecord::SchemaMigration Load (0.1ms)[0m  SELECT "schema_migrations".* FROM "schema_migrations"


Started GET "/articles" for ::1 at 2017-03-02 11:08:01 -0500
  [1m[36mActiveRecord::SchemaMigration Load (0.1ms)[0m  [1mSELECT "schema_migrations".* FROM "schema_migrations"[0m
Processing by ArticlesController#index as HTML
  [1m[35mArticle Load (0.3ms)[0m  SELECT "articles".* FROM "articles"
  Rendered articles/index.html.erb within layouts/application (3.9ms)
Completed 200 OK in 1207ms (Views: 1195.9ms | ActiveRecord: 0.4ms)


Started GET "/assets/articles.self-e3b0c44298fc1c149afbf4c8996fb92427ae41e4649b934ca495991b7852b855.css?body=1" for ::1 at 2017-03-02 11:08:03 -0500


Started GET "/assets/articles.self-877aef30ae1b040ab8a3aba4e3e309a11d7f2612f44dde450b5c157aa5f95c05.js?body=1" for ::1 at 2017-03-02 11:08:03 -0500


Started GET "/assets/scaffolds.self-e218b6fcb29dd47995e4f73694fbdfb1971acbeabc63bcb6e7ad3aac0132cbfe.css?body=1" for ::1 at 2017-03-02 11:08:03 -0500


Started GET "/articles?utf8=%E2%9C%93&article_title=Test+searcgh&commit=search+for+article" for ::1 at 2017-03-02 11:09:53 -0500

SyntaxError (/Users/lokja/Dev/labs/rails-resource-and-scaffold-generator-web-0217/app/controllers/articles_controller.rb:9: syntax error, unexpected ']', expecting tSTRING_CONTENT or tSTRING_DBEG or tSTRING_DVAR or tSTRING_END
/Users/lokja/Dev/labs/rails-resource-and-scaffold-generator-web-0217/app/controllers/articles_controller.rb:76: syntax error, unexpected end-of-input, expecting keyword_end):
  app/controllers/articles_controller.rb:9: syntax error, unexpected ']', expecting tSTRING_CONTENT or tSTRING_DBEG or tSTRING_DVAR or tSTRING_END
  app/controllers/articles_controller.rb:76: syntax error, unexpected end-of-input, expecting keyword_end


  Rendered /Users/lokja/.rvm/gems/ruby-2.3.0/gems/actionpack-4.2.5/lib/action_dispatch/middleware/templates/rescues/_source.erb (4.7ms)
  Rendered /Users/lokja/.rvm/gems/ruby-2.3.0/gems/actionpack-4.2.5/lib/action_dispatch/middleware/templates/rescues/_trace.html.erb (3.4ms)
  Rendered /Users/lokja/.rvm/gems/ruby-2.3.0/gems/actionpack-4.2.5/lib/action_dispatch/middleware/templates/rescues/_request_and_response.html.erb (3.5ms)
  Rendered /Users/lokja/.rvm/gems/ruby-2.3.0/gems/actionpack-4.2.5/lib/action_dispatch/middleware/templates/rescues/diagnostics.html.erb within rescues/layout (63.4ms)
  Rendered /Users/lokja/.rvm/gems/ruby-2.3.0/gems/web-console-2.2.1/lib/web_console/templates/_markup.html.erb (0.9ms)
  Rendered /Users/lokja/.rvm/gems/ruby-2.3.0/gems/web-console-2.2.1/lib/web_console/templates/_inner_console_markup.html.erb within layouts/inlined_string (0.3ms)
  Rendered /Users/lokja/.rvm/gems/ruby-2.3.0/gems/web-console-2.2.1/lib/web_console/templates/_prompt_box_markup.html.erb within layouts/inlined_string (0.3ms)
  Rendered /Users/lokja/.rvm/gems/ruby-2.3.0/gems/web-console-2.2.1/lib/web_console/templates/style.css.erb within layouts/inlined_string (0.5ms)
  Rendered /Users/lokja/.rvm/gems/ruby-2.3.0/gems/web-console-2.2.1/lib/web_console/templates/console.js.erb within layouts/javascript (46.0ms)
  Rendered /Users/lokja/.rvm/gems/ruby-2.3.0/gems/web-console-2.2.1/lib/web_console/templates/main.js.erb within layouts/javascript (0.3ms)
  Rendered /Users/lokja/.rvm/gems/ruby-2.3.0/gems/web-console-2.2.1/lib/web_console/templates/error_page.js.erb within layouts/javascript (6.0ms)
  Rendered /Users/lokja/.rvm/gems/ruby-2.3.0/gems/web-console-2.2.1/lib/web_console/templates/index.html.erb (111.0ms)


Started GET "/articles?utf8=%E2%9C%93&article_title=Test+searcgh&commit=search+for+article" for ::1 at 2017-03-02 11:10:05 -0500
Processing by ArticlesController#index as HTML
  Parameters: {"utf8"=>"✓", "article_title"=>"Test searcgh", "commit"=>"search for article"}
  [1m[36mArticle Load (0.3ms)[0m  [1mSELECT "articles".* FROM "articles"[0m
  Rendered articles/index.html.erb within layouts/application (2.6ms)
Completed 200 OK in 31055ms (Views: 28.3ms | ActiveRecord: 0.4ms)


Started GET "/articles?utf8=%E2%9C%93&article_title=&commit=search+for+article" for ::1 at 2017-03-02 11:10:40 -0500
Processing by ArticlesController#index as HTML
  Parameters: {"utf8"=>"✓", "article_title"=>"", "commit"=>"search for article"}
  Rendered articles/index.html.erb within layouts/application (1.2ms)
Completed 500 Internal Server Error in 353333ms (ActiveRecord: 0.0ms)

SyntaxError (/Users/lokja/Dev/labs/rails-resource-and-scaffold-generator-web-0217/app/views/articles/index.html.erb:47: syntax error, unexpected keyword_ensure, expecting keyword_end
/Users/lokja/Dev/labs/rails-resource-and-scaffold-generator-web-0217/app/views/articles/index.html.erb:49: syntax error, unexpected end-of-input, expecting keyword_end):
  app/views/articles/index.html.erb:47: syntax error, unexpected keyword_ensure, expecting keyword_end
  app/views/articles/index.html.erb:49: syntax error, unexpected end-of-input, expecting keyword_end


  Rendered /Users/lokja/.rvm/gems/ruby-2.3.0/gems/actionpack-4.2.5/lib/action_dispatch/middleware/templates/rescues/_source.erb (5.2ms)
  Rendered /Users/lokja/.rvm/gems/ruby-2.3.0/gems/actionpack-4.2.5/lib/action_dispatch/middleware/templates/rescues/_trace.html.erb (2.3ms)
  Rendered /Users/lokja/.rvm/gems/ruby-2.3.0/gems/actionpack-4.2.5/lib/action_dispatch/middleware/templates/rescues/_request_and_response.html.erb (0.8ms)
  Rendered /Users/lokja/.rvm/gems/ruby-2.3.0/gems/actionpack-4.2.5/lib/action_dispatch/middleware/templates/rescues/diagnostics.html.erb within rescues/layout (50.7ms)
  Rendered /Users/lokja/.rvm/gems/ruby-2.3.0/gems/web-console-2.2.1/lib/web_console/templates/_markup.html.erb (0.4ms)
  Rendered /Users/lokja/.rvm/gems/ruby-2.3.0/gems/web-console-2.2.1/lib/web_console/templates/_inner_console_markup.html.erb within layouts/inlined_string (0.3ms)
  Rendered /Users/lokja/.rvm/gems/ruby-2.3.0/gems/web-console-2.2.1/lib/web_console/templates/_prompt_box_markup.html.erb within layouts/inlined_string (0.3ms)
  Rendered /Users/lokja/.rvm/gems/ruby-2.3.0/gems/web-console-2.2.1/lib/web_console/templates/style.css.erb within layouts/inlined_string (0.3ms)
  Rendered /Users/lokja/.rvm/gems/ruby-2.3.0/gems/web-console-2.2.1/lib/web_console/templates/console.js.erb within layouts/javascript (43.9ms)
  Rendered /Users/lokja/.rvm/gems/ruby-2.3.0/gems/web-console-2.2.1/lib/web_console/templates/main.js.erb within layouts/javascript (0.3ms)
  Rendered /Users/lokja/.rvm/gems/ruby-2.3.0/gems/web-console-2.2.1/lib/web_console/templates/error_page.js.erb within layouts/javascript (0.4ms)
  Rendered /Users/lokja/.rvm/gems/ruby-2.3.0/gems/web-console-2.2.1/lib/web_console/templates/index.html.erb (94.1ms)


Started GET "/articles" for ::1 at 2017-03-02 11:16:39 -0500
Processing by ArticlesController#index as HTML
  Rendered articles/index.html.erb within layouts/application (1.1ms)
Completed 500 Internal Server Error in 5554ms (ActiveRecord: 0.0ms)

SyntaxError (/Users/lokja/Dev/labs/rails-resource-and-scaffold-generator-web-0217/app/views/articles/index.html.erb:47: syntax error, unexpected keyword_ensure, expecting keyword_end
/Users/lokja/Dev/labs/rails-resource-and-scaffold-generator-web-0217/app/views/articles/index.html.erb:49: syntax error, unexpected end-of-input, expecting keyword_end):
  app/views/articles/index.html.erb:47: syntax error, unexpected keyword_ensure, expecting keyword_end
  app/views/articles/index.html.erb:49: syntax error, unexpected end-of-input, expecting keyword_end


  Rendered /Users/lokja/.rvm/gems/ruby-2.3.0/gems/actionpack-4.2.5/lib/action_dispatch/middleware/templates/rescues/_source.erb (5.4ms)
  Rendered /Users/lokja/.rvm/gems/ruby-2.3.0/gems/actionpack-4.2.5/lib/action_dispatch/middleware/templates/rescues/_trace.html.erb (2.4ms)
  Rendered /Users/lokja/.rvm/gems/ruby-2.3.0/gems/actionpack-4.2.5/lib/action_dispatch/middleware/templates/rescues/_request_and_response.html.erb (1.2ms)
  Rendered /Users/lokja/.rvm/gems/ruby-2.3.0/gems/actionpack-4.2.5/lib/action_dispatch/middleware/templates/rescues/diagnostics.html.erb within rescues/layout (49.0ms)
  Rendered /Users/lokja/.rvm/gems/ruby-2.3.0/gems/web-console-2.2.1/lib/web_console/templates/_markup.html.erb (0.3ms)
  Rendered /Users/lokja/.rvm/gems/ruby-2.3.0/gems/web-console-2.2.1/lib/web_console/templates/_inner_console_markup.html.erb within layouts/inlined_string (0.3ms)
  Rendered /Users/lokja/.rvm/gems/ruby-2.3.0/gems/web-console-2.2.1/lib/web_console/templates/_prompt_box_markup.html.erb within layouts/inlined_string (0.3ms)
  Rendered /Users/lokja/.rvm/gems/ruby-2.3.0/gems/web-console-2.2.1/lib/web_console/templates/style.css.erb within layouts/inlined_string (0.3ms)
  Rendered /Users/lokja/.rvm/gems/ruby-2.3.0/gems/web-console-2.2.1/lib/web_console/templates/console.js.erb within layouts/javascript (42.6ms)
  Rendered /Users/lokja/.rvm/gems/ruby-2.3.0/gems/web-console-2.2.1/lib/web_console/templates/main.js.erb within layouts/javascript (0.3ms)
  Rendered /Users/lokja/.rvm/gems/ruby-2.3.0/gems/web-console-2.2.1/lib/web_console/templates/error_page.js.erb within layouts/javascript (0.4ms)
  Rendered /Users/lokja/.rvm/gems/ruby-2.3.0/gems/web-console-2.2.1/lib/web_console/templates/index.html.erb (94.3ms)


Started GET "/articles" for ::1 at 2017-03-02 11:17:43 -0500
Processing by ArticlesController#index as HTML
  Rendered articles/index.html.erb within layouts/application (4.9ms)
Completed 500 Internal Server Error in 20265ms (ActiveRecord: 0.0ms)

ActionView::Template::Error (undefined method `empty?' for nil:NilClass):
    17:   </thead>
    18: 
    19:   <tbody>
    20:     <% if @searched_article.empty? %>
    21:       <% @articles.each do |article| %>
    22:         <tr>
    23:           <td><%= article.title %></td>
  app/views/articles/index.html.erb:20:in `_app_views_articles_index_html_erb__832414273977668579_70356327911740'


  Rendered /Users/lokja/.rvm/gems/ruby-2.3.0/gems/actionpack-4.2.5/lib/action_dispatch/middleware/templates/rescues/_source.erb (4.7ms)
  Rendered /Users/lokja/.rvm/gems/ruby-2.3.0/gems/actionpack-4.2.5/lib/action_dispatch/middleware/templates/rescues/_trace.html.erb (2.0ms)
  Rendered /Users/lokja/.rvm/gems/ruby-2.3.0/gems/actionpack-4.2.5/lib/action_dispatch/middleware/templates/rescues/_request_and_response.html.erb (0.7ms)
  Rendered /Users/lokja/.rvm/gems/ruby-2.3.0/gems/actionpack-4.2.5/lib/action_dispatch/middleware/templates/rescues/template_error.html.erb within rescues/layout (46.6ms)
  Rendered /Users/lokja/.rvm/gems/ruby-2.3.0/gems/web-console-2.2.1/lib/web_console/templates/_markup.html.erb (0.3ms)
  Rendered /Users/lokja/.rvm/gems/ruby-2.3.0/gems/web-console-2.2.1/lib/web_console/templates/_inner_console_markup.html.erb within layouts/inlined_string (0.5ms)
  Rendered /Users/lokja/.rvm/gems/ruby-2.3.0/gems/web-console-2.2.1/lib/web_console/templates/_prompt_box_markup.html.erb within layouts/inlined_string (0.3ms)
  Rendered /Users/lokja/.rvm/gems/ruby-2.3.0/gems/web-console-2.2.1/lib/web_console/templates/style.css.erb within layouts/inlined_string (0.6ms)
  Rendered /Users/lokja/.rvm/gems/ruby-2.3.0/gems/web-console-2.2.1/lib/web_console/templates/console.js.erb within layouts/javascript (43.9ms)
  Rendered /Users/lokja/.rvm/gems/ruby-2.3.0/gems/web-console-2.2.1/lib/web_console/templates/main.js.erb within layouts/javascript (0.3ms)
  Rendered /Users/lokja/.rvm/gems/ruby-2.3.0/gems/web-console-2.2.1/lib/web_console/templates/error_page.js.erb within layouts/javascript (0.5ms)
  Rendered /Users/lokja/.rvm/gems/ruby-2.3.0/gems/web-console-2.2.1/lib/web_console/templates/index.html.erb (93.6ms)


Started GET "/articles" for ::1 at 2017-03-02 11:18:04 -0500
Processing by ArticlesController#index as HTML
  Rendered articles/index.html.erb within layouts/application (2.8ms)
Completed 500 Internal Server Error in 13ms (ActiveRecord: 0.0ms)

ActionView::Template::Error (undefined method `empty?' for nil:NilClass):
    17:   </thead>
    18: 
    19:   <tbody>
    20:     <% if @searched_article.empty? %>
    21:       <% @articles.each do |article| %>
    22:         <tr>
    23:           <td><%= article.title %></td>
  app/views/articles/index.html.erb:20:in `_app_views_articles_index_html_erb__832414273977668579_70356327911740'


  Rendered /Users/lokja/.rvm/gems/ruby-2.3.0/gems/actionpack-4.2.5/lib/action_dispatch/middleware/templates/rescues/_source.erb (4.9ms)
  Rendered /Users/lokja/.rvm/gems/ruby-2.3.0/gems/actionpack-4.2.5/lib/action_dispatch/middleware/templates/rescues/_trace.html.erb (2.2ms)
  Rendered /Users/lokja/.rvm/gems/ruby-2.3.0/gems/actionpack-4.2.5/lib/action_dispatch/middleware/templates/rescues/_request_and_response.html.erb (0.9ms)
  Rendered /Users/lokja/.rvm/gems/ruby-2.3.0/gems/actionpack-4.2.5/lib/action_dispatch/middleware/templates/rescues/template_error.html.erb within rescues/layout (47.2ms)
  Rendered /Users/lokja/.rvm/gems/ruby-2.3.0/gems/web-console-2.2.1/lib/web_console/templates/_markup.html.erb (0.4ms)
  Rendered /Users/lokja/.rvm/gems/ruby-2.3.0/gems/web-console-2.2.1/lib/web_console/templates/_inner_console_markup.html.erb within layouts/inlined_string (0.3ms)
  Rendered /Users/lokja/.rvm/gems/ruby-2.3.0/gems/web-console-2.2.1/lib/web_console/templates/_prompt_box_markup.html.erb within layouts/inlined_string (0.3ms)
  Rendered /Users/lokja/.rvm/gems/ruby-2.3.0/gems/web-console-2.2.1/lib/web_console/templates/style.css.erb within layouts/inlined_string (0.3ms)
  Rendered /Users/lokja/.rvm/gems/ruby-2.3.0/gems/web-console-2.2.1/lib/web_console/templates/console.js.erb within layouts/javascript (43.3ms)
  Rendered /Users/lokja/.rvm/gems/ruby-2.3.0/gems/web-console-2.2.1/lib/web_console/templates/main.js.erb within layouts/javascript (0.3ms)
  Rendered /Users/lokja/.rvm/gems/ruby-2.3.0/gems/web-console-2.2.1/lib/web_console/templates/error_page.js.erb within layouts/javascript (0.6ms)
  Rendered /Users/lokja/.rvm/gems/ruby-2.3.0/gems/web-console-2.2.1/lib/web_console/templates/index.html.erb (93.7ms)


Started GET "/articles" for ::1 at 2017-03-02 11:19:15 -0500
Processing by ArticlesController#index as HTML
Completed 500 Internal Server Error in 11491ms (ActiveRecord: 0.0ms)

SystemExit (exit):
  app/controllers/articles_controller.rb:11:in `index'


  Rendered /Users/lokja/.rvm/gems/ruby-2.3.0/gems/actionpack-4.2.5/lib/action_dispatch/middleware/templates/rescues/_source.erb (375.9ms)
  Rendered /Users/lokja/.rvm/gems/ruby-2.3.0/gems/actionpack-4.2.5/lib/action_dispatch/middleware/templates/rescues/_trace.html.erb (31.6ms)
  Rendered /Users/lokja/.rvm/gems/ruby-2.3.0/gems/actionpack-4.2.5/lib/action_dispatch/middleware/templates/rescues/_request_and_response.html.erb (2.9ms)
  Rendered /Users/lokja/.rvm/gems/ruby-2.3.0/gems/actionpack-4.2.5/lib/action_dispatch/middleware/templates/rescues/diagnostics.html.erb within rescues/layout (513.8ms)
  Rendered /Users/lokja/.rvm/gems/ruby-2.3.0/gems/web-console-2.2.1/lib/web_console/templates/_markup.html.erb (1.0ms)
  Rendered /Users/lokja/.rvm/gems/ruby-2.3.0/gems/web-console-2.2.1/lib/web_console/templates/_inner_console_markup.html.erb within layouts/inlined_string (1.9ms)
  Rendered /Users/lokja/.rvm/gems/ruby-2.3.0/gems/web-console-2.2.1/lib/web_console/templates/_prompt_box_markup.html.erb within layouts/inlined_string (0.9ms)
  Rendered /Users/lokja/.rvm/gems/ruby-2.3.0/gems/web-console-2.2.1/lib/web_console/templates/style.css.erb within layouts/inlined_string (3.9ms)
  Rendered /Users/lokja/.rvm/gems/ruby-2.3.0/gems/web-console-2.2.1/lib/web_console/templates/console.js.erb within layouts/javascript (128.5ms)
  Rendered /Users/lokja/.rvm/gems/ruby-2.3.0/gems/web-console-2.2.1/lib/web_console/templates/main.js.erb within layouts/javascript (5.4ms)
  Rendered /Users/lokja/.rvm/gems/ruby-2.3.0/gems/web-console-2.2.1/lib/web_console/templates/error_page.js.erb within layouts/javascript (1.9ms)
  Rendered /Users/lokja/.rvm/gems/ruby-2.3.0/gems/web-console-2.2.1/lib/web_console/templates/index.html.erb (241.8ms)


Started GET "/articles" for ::1 at 2017-03-02 11:19:29 -0500
Processing by ArticlesController#index as HTML
  [1m[35mArticle Load (0.5ms)[0m  SELECT "articles".* FROM "articles"
  Rendered articles/index.html.erb within layouts/application (11.7ms)
Completed 200 OK in 128ms (Views: 116.7ms | ActiveRecord: 0.9ms)


Started GET "/articles/new" for ::1 at 2017-03-02 11:19:35 -0500
Processing by ArticlesController#new as HTML
  Rendered articles/_form.html.erb (74.5ms)
  Rendered articles/new.html.erb within layouts/application (80.9ms)
Completed 200 OK in 215ms (Views: 191.4ms | ActiveRecord: 1.1ms)


Started POST "/articles" for ::1 at 2017-03-02 11:19:39 -0500
Processing by ArticlesController#create as HTML
  Parameters: {"utf8"=>"✓", "authenticity_token"=>"BSVotCKLPVKFwozpnkvytXM6/greEisZhqak4TEkvyj/1U29aRl5Lxjg78Mp5fqzwzLbFqgqOUpVES/KWvKVag==", "article"=>{"title"=>"Test 1", "body"=>""}, "commit"=>"Create Article"}
  [1m[36m (0.7ms)[0m  [1mbegin transaction[0m
  [1m[35mSQL (1.5ms)[0m  INSERT INTO "articles" ("title", "body", "created_at", "updated_at") VALUES (?, ?, ?, ?)  [["title", "Test 1"], ["body", ""], ["created_at", "2017-03-02 16:19:39.066917"], ["updated_at", "2017-03-02 16:19:39.066917"]]
  [1m[36m (1.3ms)[0m  [1mcommit transaction[0m
Redirected to http://localhost:3000/articles/1
Completed 302 Found in 53ms (ActiveRecord: 3.5ms)


Started GET "/articles/1" for ::1 at 2017-03-02 11:19:39 -0500
Processing by ArticlesController#show as HTML
  Parameters: {"id"=>"1"}
  [1m[35mArticle Load (1.0ms)[0m  SELECT  "articles".* FROM "articles" WHERE "articles"."id" = ? LIMIT 1  [["id", 1]]
  Rendered articles/show.html.erb within layouts/application (6.0ms)
Completed 200 OK in 231ms (Views: 189.2ms | ActiveRecord: 1.0ms)


Started GET "/articles/new" for ::1 at 2017-03-02 11:19:43 -0500
Processing by ArticlesController#new as HTML
  Rendered articles/_form.html.erb (20.8ms)
  Rendered articles/new.html.erb within layouts/application (28.5ms)
Completed 200 OK in 140ms (Views: 137.0ms | ActiveRecord: 0.0ms)


Started POST "/articles" for ::1 at 2017-03-02 11:19:46 -0500
Processing by ArticlesController#create as HTML
  Parameters: {"utf8"=>"✓", "authenticity_token"=>"tthoqqdiaShi7dyTlPV5fCLgxPXAzYI9+Khm6BzUi81MKE2j7PAtVf/Pv7kjW3F6kujh6bb1kG4rH+3DdwKhjw==", "article"=>{"title"=>"Test 2", "body"=>""}, "commit"=>"Create Article"}
  [1m[36m (0.4ms)[0m  [1mbegin transaction[0m
  [1m[35mSQL (0.6ms)[0m  INSERT INTO "articles" ("title", "body", "created_at", "updated_at") VALUES (?, ?, ?, ?)  [["title", "Test 2"], ["body", ""], ["created_at", "2017-03-02 16:19:46.423550"], ["updated_at", "2017-03-02 16:19:46.423550"]]
  [1m[36m (2.2ms)[0m  [1mcommit transaction[0m
Redirected to http://localhost:3000/articles/2
Completed 302 Found in 28ms (ActiveRecord: 3.2ms)


Started GET "/articles/2" for ::1 at 2017-03-02 11:19:46 -0500
Processing by ArticlesController#show as HTML
  Parameters: {"id"=>"2"}
  [1m[35mArticle Load (0.5ms)[0m  SELECT  "articles".* FROM "articles" WHERE "articles"."id" = ? LIMIT 1  [["id", 2]]
  Rendered articles/show.html.erb within layouts/application (2.3ms)
Completed 200 OK in 121ms (Views: 105.4ms | ActiveRecord: 0.5ms)


Started GET "/articles/new" for ::1 at 2017-03-02 11:19:49 -0500
Processing by ArticlesController#new as HTML
  Rendered articles/_form.html.erb (12.3ms)
  Rendered articles/new.html.erb within layouts/application (15.8ms)
Completed 200 OK in 130ms (Views: 126.9ms | ActiveRecord: 0.0ms)


Started POST "/articles" for ::1 at 2017-03-02 11:19:53 -0500
Processing by ArticlesController#create as HTML
  Parameters: {"utf8"=>"✓", "authenticity_token"=>"2DuWYlANbZDXgbfmjan1FLIdTyKmJeS1ZPAJYb4EcCIiy7NrG58p7Uqj1Mw6B/0SAhVqPtAd9ua3R4JK1dJaYA==", "article"=>{"title"=>"TEST 3", "body"=>""}, "commit"=>"Create Article"}
  [1m[36m (0.3ms)[0m  [1mbegin transaction[0m
  [1m[35mSQL (0.6ms)[0m  INSERT INTO "articles" ("title", "body", "created_at", "updated_at") VALUES (?, ?, ?, ?)  [["title", "TEST 3"], ["body", ""], ["created_at", "2017-03-02 16:19:53.516219"], ["updated_at", "2017-03-02 16:19:53.516219"]]
  [1m[36m (2.6ms)[0m  [1mcommit transaction[0m
Redirected to http://localhost:3000/articles/3
Completed 302 Found in 29ms (ActiveRecord: 3.5ms)


Started GET "/articles/3" for ::1 at 2017-03-02 11:19:53 -0500
Processing by ArticlesController#show as HTML
  Parameters: {"id"=>"3"}
  [1m[35mArticle Load (0.4ms)[0m  SELECT  "articles".* FROM "articles" WHERE "articles"."id" = ? LIMIT 1  [["id", 3]]
  Rendered articles/show.html.erb within layouts/application (10.4ms)
Completed 200 OK in 116ms (Views: 109.3ms | ActiveRecord: 0.4ms)


Started GET "/articles" for ::1 at 2017-03-02 11:19:56 -0500
Processing by ArticlesController#index as HTML
  [1m[36mArticle Load (0.4ms)[0m  [1mSELECT "articles".* FROM "articles"[0m
  Rendered articles/index.html.erb within layouts/application (5.3ms)
Completed 200 OK in 112ms (Views: 107.3ms | ActiveRecord: 0.4ms)


Started GET "/articles" for ::1 at 2017-03-02 11:20:07 -0500
Processing by ArticlesController#index as HTML
  [1m[35mArticle Load (0.4ms)[0m  SELECT "articles".* FROM "articles"
  Rendered articles/index.html.erb within layouts/application (5.5ms)
Completed 200 OK in 106ms (Views: 102.1ms | ActiveRecord: 0.4ms)


Started GET "/articles/1" for ::1 at 2017-03-02 11:20:19 -0500
Processing by ArticlesController#show as HTML
  Parameters: {"id"=>"1"}
  [1m[36mArticle Load (0.3ms)[0m  [1mSELECT  "articles".* FROM "articles" WHERE "articles"."id" = ? LIMIT 1[0m  [["id", 1]]
  Rendered articles/show.html.erb within layouts/application (1.9ms)
Completed 200 OK in 119ms (Views: 112.5ms | ActiveRecord: 0.3ms)


Started GET "/articles" for ::1 at 2017-03-02 11:20:22 -0500
Processing by ArticlesController#index as HTML
  [1m[35mArticle Load (0.4ms)[0m  SELECT "articles".* FROM "articles"
  Rendered articles/index.html.erb within layouts/application (6.2ms)
Completed 200 OK in 106ms (Views: 101.7ms | ActiveRecord: 0.4ms)


Started GET "/articles" for ::1 at 2017-03-02 11:20:52 -0500
Processing by ArticlesController#index as HTML
  [1m[36mArticle Load (0.3ms)[0m  [1mSELECT "articles".* FROM "articles"[0m
  Rendered articles/index.html.erb within layouts/application (6.6ms)
Completed 200 OK in 122363ms (Views: 24.1ms | ActiveRecord: 0.5ms)


Started GET "/articles?utf8=%E2%9C%93&article_title=Test+1&commit=search+for+article" for ::1 at 2017-03-02 11:23:04 -0500
Processing by ArticlesController#index as HTML
  Parameters: {"utf8"=>"✓", "article_title"=>"Test 1", "commit"=>"search for article"}
  [1m[35mArticle Load (0.2ms)[0m  SELECT "articles".* FROM "articles"
  Rendered articles/index.html.erb within layouts/application (1.1ms)
Completed 200 OK in 9569ms (Views: 14.9ms | ActiveRecord: 0.2ms)


Started GET "/articles?utf8=%E2%9C%93&article_title=Test+1&commit=search+for+article" for ::1 at 2017-03-02 11:24:01 -0500
Processing by ArticlesController#index as HTML
  Parameters: {"utf8"=>"✓", "article_title"=>"Test 1", "commit"=>"search for article"}
  [1m[36mArticle Load (0.1ms)[0m  [1mSELECT "articles".* FROM "articles"[0m
  [1m[35mArticle Load (0.1ms)[0m  SELECT  "articles".* FROM "articles"  ORDER BY "articles"."id" ASC LIMIT 1
  Rendered articles/index.html.erb within layouts/application (116214.5ms)
Completed 200 OK in 140601ms (Views: 116231.3ms | ActiveRecord: 0.3ms)


Started GET "/articles?utf8=%E2%9C%93&article_title=Test+1&commit=search+for+article" for ::1 at 2017-03-02 11:26:27 -0500
Processing by ArticlesController#index as HTML
  Parameters: {"utf8"=>"✓", "article_title"=>"Test 1", "commit"=>"search for article"}
  [1m[36mArticle Load (0.1ms)[0m  [1mSELECT "articles".* FROM "articles"[0m
  Rendered articles/index.html.erb within layouts/application (1377.4ms)
Completed 200 OK in 4858ms (Views: 1392.7ms | ActiveRecord: 0.1ms)


Started GET "/articles" for ::1 at 2017-03-02 11:28:47 -0500
Processing by ArticlesController#index as HTML
  [1m[35mArticle Load (0.3ms)[0m  SELECT "articles".* FROM "articles"
  Rendered articles/index.html.erb within layouts/application (5.2ms)
Completed 200 OK in 23ms (Views: 20.9ms | ActiveRecord: 0.5ms)


Started GET "/articles?utf8=%E2%9C%93&article_title=TEST+3&commit=search+for+article" for ::1 at 2017-03-02 11:28:53 -0500
Processing by ArticlesController#index as HTML
  Parameters: {"utf8"=>"✓", "article_title"=>"TEST 3", "commit"=>"search for article"}
  [1m[36mArticle Load (0.2ms)[0m  [1mSELECT "articles".* FROM "articles"[0m
  Rendered articles/index.html.erb within layouts/application (1.4ms)
Completed 200 OK in 21ms (Views: 18.5ms | ActiveRecord: 0.2ms)
